Command line:
   myRegister_isim_beh.exe
     -simmode  gui
     -simrunnum  0
     -socket  52100

Mon Feb 13 12:15:43 2017


 Elaboration Time: 0.03125 sec

 Current Memory Usage: 846.258 Meg

 Total Signals          : 5
 Total Nets             : 98
 Total Signal Drivers   : 2
 Total Blocks           : 2
 Total Primitive Blocks : 2
 Total Processes        : 1
 Total Traceable Variables  : 8
 Total Scalar Nets and Variables : 458
Total Line Count : 4

 Total Simulation Time: 0.03125 sec

 Current Memory Usage: 846.258 Meg

Mon Feb 13 12:15:51 2017

